Build started 6/4/2013 8:59:28 AM.
     1>Project "E:\develop\fixup\fixup\vcxproj\fixup.vcxproj" on node 2 (build target(s)).
     1>InitializeBuildStatus:
         Touching "E:\develop\fixup\vs2010\obj\fixup.unsuccessfulbuild".
       ClCompile:
         C:\Program Files (x86)\Microsoft Visual Studio 10.0\VC\bin\CL.exe /c /Zi /nologo /W3 /WX- /O2 /Oi /Oy- /GL /D WIN32 /D NDEBUG /D _CONSOLE /D _UNICODE /D UNICODE /Gm- /EHsc /MT /GS /Gy /fp:precise /Zc:wchar_t /Zc:forScope /Fo"E:\develop\fixup\vs2010\obj\\" /Fd"E:\develop\fixup\vs2010\obj\vc100.pdb" /Gd /TP /analyze- /errorReport:prompt ..\main.cpp ..\x86FixupAssembler.cpp ..\x86FixupAvoidKill.cpp ..\x86FixupDisassembly.cpp ..\x86FixupMsgHandle.cpp ..\x86FixupPeDefined.cpp ..\x86FixupPeLoader.cpp
         main.cpp
         x86FixupAssembler.cpp
         x86FixupAvoidKill.cpp
         x86FixupDisassembly.cpp
         x86FixupMsgHandle.cpp
         x86FixupPeDefined.cpp
         x86FixupPeLoader.cpp
       Link:
         C:\Program Files (x86)\Microsoft Visual Studio 10.0\VC\bin\link.exe /ERRORREPORT:PROMPT /OUT:"E:\develop\fixup\vs2010\bin\fixup.exe" /INCREMENTAL:NO /NOLOGO kernel32.lib user32.lib gdi32.lib winspool.lib comdlg32.lib advapi32.lib shell32.lib ole32.lib oleaut32.lib uuid.lib odbc32.lib odbccp32.lib /MANIFEST /ManifestFile:"E:\develop\fixup\vs2010\obj\fixup.exe.intermediate.manifest" /MANIFESTUAC:"level='asInvoker' uiAccess='false'" /DEBUG /PDB:"E:\develop\fixup\vs2010\bin\fixup.pdb" /SUBSYSTEM:CONSOLE /OPT:REF /OPT:ICF /LTCG /TLBID:1 /DYNAMICBASE:NO /NXCOMPAT /IMPLIB:"E:\develop\fixup\vs2010\bin\fixup.lib" /MACHINE:X86 E:\develop\fixup\vs2010\obj\main.obj
         E:\develop\fixup\vs2010\obj\x86FixupAssembler.obj
         E:\develop\fixup\vs2010\obj\x86FixupAvoidKill.obj
         E:\develop\fixup\vs2010\obj\x86FixupDisassembly.obj
         E:\develop\fixup\vs2010\obj\x86FixupMsgHandle.obj
         E:\develop\fixup\vs2010\obj\x86FixupPeDefined.obj
         E:\develop\fixup\vs2010\obj\x86FixupPeLoader.obj
         Generating code
         Finished generating code
         fixup.vcxproj -> E:\develop\fixup\vs2010\bin\fixup.exe
       Manifest:
         C:\Program Files (x86)\Microsoft SDKs\Windows\v7.0A\bin\mt.exe /nologo /verbose /outputresource:"E:\develop\fixup\vs2010\bin\fixup.exe;#1" /manifest E:\develop\fixup\vs2010\obj\fixup.exe.intermediate.manifest
       FinalizeBuildStatus:
         Deleting file "E:\develop\fixup\vs2010\obj\fixup.unsuccessfulbuild".
         Touching "E:\develop\fixup\vs2010\obj\fixup.lastbuildstate".
     1>Done Building Project "E:\develop\fixup\fixup\vcxproj\fixup.vcxproj" (build target(s)).

Build succeeded.

Time Elapsed 00:00:03.39
