E:\DEVELOP\FIXUP\VS2010\BIN\FIXUP.EXE
E:\DEVELOP\FIXUP\VS2010\BIN\FIXUP.PDB
E:\develop\fixup\vs2010\obj\cl.command.1.tlog
E:\develop\fixup\vs2010\obj\CL.read.1.tlog
E:\develop\fixup\vs2010\obj\CL.write.1.tlog
E:\DEVELOP\FIXUP\VS2010\OBJ\FIXUP.EXE.INTERMEDIATE.MANIFEST
E:\develop\fixup\vs2010\obj\link.command.1.tlog
E:\develop\fixup\vs2010\obj\link.read.1.tlog
E:\develop\fixup\vs2010\obj\link.write.1.tlog
E:\DEVELOP\FIXUP\VS2010\OBJ\MAIN.OBJ
E:\develop\fixup\vs2010\obj\mt.command.1.tlog
E:\develop\fixup\vs2010\obj\mt.read.1.tlog
E:\develop\fixup\vs2010\obj\mt.write.1.tlog
E:\DEVELOP\FIXUP\VS2010\OBJ\VC100.PDB
E:\DEVELOP\FIXUP\VS2010\OBJ\X86FIXUPASSEMBLER.OBJ
E:\DEVELOP\FIXUP\VS2010\OBJ\X86FIXUPAVOIDKILL.OBJ
E:\DEVELOP\FIXUP\VS2010\OBJ\X86FIXUPDISASSEMBLY.OBJ
E:\DEVELOP\FIXUP\VS2010\OBJ\X86FIXUPMSGHANDLE.OBJ
E:\DEVELOP\FIXUP\VS2010\OBJ\X86FIXUPPEDEFINED.OBJ
E:\DEVELOP\FIXUP\VS2010\OBJ\X86FIXUPPELOADER.OBJ
